Arguments: 
  /usr/local/bin/node /usr/local/bin/yarn add @actions/githu

PATH: 
  /usr/local/bin:/usr/bin:/bin:/usr/sbin:/sbin:/Library/Apple/usr/bin:/Users/kartar.jabanda/.npm-packages/bin:/Users/kartar.jabanda/Library/Android/sdk/emulator:/Users/kartar.jabanda/Library/Android/sdk/tools:/Users/kartar.jabanda/Library/Android/sdk/tools/bin:/Users/kartar.jabanda/Library/Android/sdk/platform-tools:/Users/kartar.jabanda/.npm-packages/bin:/Users/kartar.jabanda/Library/Android/sdk/emulator:/Users/kartar.jabanda/Library/Android/sdk/tools:/Users/kartar.jabanda/Library/Android/sdk/tools/bin:/Users/kartar.jabanda/Library/Android/sdk/platform-tools

Yarn version: 
  1.22.15

Node version: 
  14.18.1

Platform: 
  darwin x64

Trace: 
  Error: https://registry.yarnpkg.com/@actions%2fgithu: Not found
      at Request.params.callback [as _callback] (/usr/local/lib/node_modules/yarn/lib/cli.js:66140:18)
      at Request.self.callback (/usr/local/lib/node_modules/yarn/lib/cli.js:140885:22)
      at Request.emit (events.js:400:28)
      at Request.<anonymous> (/usr/local/lib/node_modules/yarn/lib/cli.js:141857:10)
      at Request.emit (events.js:400:28)
      at IncomingMessage.<anonymous> (/usr/local/lib/node_modules/yarn/lib/cli.js:141779:12)
      at Object.onceWrapper (events.js:519:28)
      at IncomingMessage.emit (events.js:412:35)
      at endReadableNT (internal/streams/readable.js:1334:12)
      at processTicksAndRejections (internal/process/task_queues.js:82:21)

npm manifest: 
  {
    "scripts": {
      "prepare:pr": "ncc build ./.github/pr-title-checker/index.js -o ./.github/pr-title-checker/dist/ --source-map"
    },
    "devDependencies": {
      "@vercel/ncc": "^0.33.0"
    },
    "dependencies": {
      "@actions/core": "^1.6.0"
    }
  }

yarn manifest: 
  No manifest

Lockfile: 
  # THIS IS AN AUTOGENERATED FILE. DO NOT EDIT THIS FILE DIRECTLY.
  # yarn lockfile v1
  
  
  "@actions/core@^1.6.0":
    version "1.6.0"
    resolved "https://registry.yarnpkg.com/@actions/core/-/core-1.6.0.tgz#0568e47039bfb6a9170393a73f3b7eb3b22462cb"
    integrity sha512-NB1UAZomZlCV/LmJqkLhNTqtKfFXJZAUPcfl/zqG7EfsQdeUJtaWO98SGbuQ3pydJ3fHl2CvI/51OKYlCYYcaw==
    dependencies:
      "@actions/http-client" "^1.0.11"
  
  "@actions/http-client@^1.0.11":
    version "1.0.11"
    resolved "https://registry.yarnpkg.com/@actions/http-client/-/http-client-1.0.11.tgz#c58b12e9aa8b159ee39e7dd6cbd0e91d905633c0"
    integrity sha512-VRYHGQV1rqnROJqdMvGUbY/Kn8vriQe/F9HR2AlYHzmKuM/p3kjNuXhmdBfcVgsvRWTz5C5XW5xvndZrVBuAYg==
    dependencies:
      tunnel "0.0.6"
  
  "@vercel/ncc@^0.33.0":
    version "0.33.0"
    resolved "https://registry.yarnpkg.com/@vercel/ncc/-/ncc-0.33.0.tgz#538d73ad4be1b259830d249d83f857432edd8967"
    integrity sha512-m21HzXD+L/YHoJTwyCCyGBXD0O2L4KR/Y6SSsS4qvRlz3NAYsiiYahzOsgfWEt4PJxpPVCMGiuWzsvb2tycmyA==
  
  tunnel@0.0.6:
    version "0.0.6"
    resolved "https://registry.yarnpkg.com/tunnel/-/tunnel-0.0.6.tgz#72f1314b34a5b192db012324df2cc587ca47f92c"
    integrity sha512-1h/Lnq9yajKY2PEbBadPXj3VxsDDu844OnaAo52UVmIzIvwwtBPIuNvkjuzBlTWpfJyUbG3ez0KSBibQkj4ojg==
